<?xml version="1.0" encoding="UTF-8"?>
<!-- Generated by org.testng.reporters.JUnitReportReporter -->
<testsuite skipped="0" hostname="ISOFT-LAP048" name="isoft.etraffic.ctatestcases.IssueToWhomConcernCertificate" tests="1" failures="0" timestamp="28 Feb 2019 11:38:16 GMT" time="110.426" errors="0">
  <testcase name="nocForIssueToWhomConcernCertificate" time="110.426" classname="isoft.etraffic.ctatestcases.IssueToWhomConcernCertificate"/>
</testsuite> <!-- isoft.etraffic.ctatestcases.IssueToWhomConcernCertificate -->
