<?xml version="1.0" encoding="UTF-8"?>
<!-- Generated by org.testng.reporters.JUnitReportReporter -->
<testsuite skipped="0" hostname="ISOFT-LAP048" name="isoft.etraffic.ctatestcases.RenewTL" tests="1" failures="0" timestamp="28 Feb 2019 11:34:21 GMT" time="168.988" errors="0">
  <testcase name="renewTLCML" time="168.988" classname="isoft.etraffic.ctatestcases.RenewTL"/>
</testsuite> <!-- isoft.etraffic.ctatestcases.RenewTL -->
