<?xml version="1.0" encoding="UTF-8"?>
<!-- Generated by org.testng.reporters.JUnitReportReporter -->
<testsuite skipped="0" hostname="ISOFT-LAP048" name="isoft.etraffic.ctatestcases.Smoke" tests="4" failures="0" timestamp="04 Mar 2019 12:01:50 GMT" time="22.613" errors="0">
  <testcase name="PassedTC" time="0.009" classname="isoft.etraffic.ctatestcases.Smoke"/>
  <testcase name="IETest" time="7.484" classname="isoft.etraffic.ctatestcases.Smoke"/>
  <testcase name="IETest" time="7.622" classname="isoft.etraffic.ctatestcases.Smoke"/>
  <testcase name="IETest" time="7.498" classname="isoft.etraffic.ctatestcases.Smoke"/>
</testsuite> <!-- isoft.etraffic.ctatestcases.Smoke -->
