<?xml version="1.0" encoding="UTF-8"?>
<!-- Generated by org.testng.reporters.JUnitReportReporter -->
<testsuite skipped="0" hostname="ISOFT-LAP048" name="isoft.etraffic.ctatestcases.Smoke" tests="2" failures="0" timestamp="27 Feb 2019 05:31:34 GMT" time="11.250" errors="0">
  <testcase name="openchrome" time="11.119" classname="isoft.etraffic.ctatestcases.Smoke"/>
  <testcase name="PassedTC" time="0.131" classname="isoft.etraffic.ctatestcases.Smoke"/>
</testsuite> <!-- isoft.etraffic.ctatestcases.Smoke -->
