<?xml version="1.0" encoding="UTF-8"?>
<!-- Generated by org.testng.reporters.JUnitReportReporter -->
<testsuite skipped="0" hostname="ISOFT-LAP048" name="isoft.etraffic.ctatestcases.NewTLFullCycleExcel" tests="1" failures="0" timestamp="05 Mar 2019 07:01:09 GMT" time="278.544" errors="0">
  <testcase name="NewNoc" time="278.544" classname="isoft.etraffic.ctatestcases.NewTLFullCycleExcel"/>
</testsuite> <!-- isoft.etraffic.ctatestcases.NewTLFullCycleExcel -->
