<?xml version="1.0" encoding="UTF-8"?>
<!-- Generated by org.testng.reporters.JUnitReportReporter -->
<testsuite skipped="0" hostname="ISOFT-LAP048" name="isoft.etraffic.cta.sdditest.Smoke" tests="3" failures="0" timestamp="05 Mar 2019 12:57:05 GMT" time="18.552" errors="0">
  <testcase name="IETest" time="7.349" classname="isoft.etraffic.cta.sdditest.Smoke"/>
  <testcase name="IETest" time="11.195" classname="isoft.etraffic.cta.sdditest.Smoke"/>
  <testcase name="PassedTC" time="0.008" classname="isoft.etraffic.cta.sdditest.Smoke"/>
</testsuite> <!-- isoft.etraffic.cta.sdditest.Smoke -->
