<?xml version="1.0" encoding="UTF-8"?>
<!-- Generated by org.testng.reporters.JUnitReportReporter -->
<testsuite skipped="0" hostname="ISOFT-LAP048" name="ctatestcases.Smoke" tests="1" failures="0" timestamp="26 Feb 2019 11:52:07 GMT" time="4.076" errors="0">
  <testcase name="openIE" time="4.076" classname="ctatestcases.Smoke"/>
</testsuite> <!-- ctatestcases.Smoke -->
