<?xml version="1.0" encoding="UTF-8"?>
<!-- Generated by org.testng.reporters.JUnitReportReporter -->
<testsuite skipped="0" hostname="ISOFT-LAP048" name="isoft.etraffic.vhl.ftftest.ClearanceCertificateTest" tests="1" failures="0" timestamp="26 Feb 2019 10:25:32 GMT" time="16.479" errors="0">
  <testcase name="vehicleClearanceCert" time="16.479" classname="isoft.etraffic.vhl.ftftest.ClearanceCertificateTest"/>
</testsuite> <!-- isoft.etraffic.vhl.ftftest.ClearanceCertificateTest -->
