<?xml version="1.0" encoding="UTF-8"?>
<!-- Generated by org.testng.reporters.JUnitReportReporter -->
<testsuite skipped="0" hostname="ISOFT-LAP048" name="isoft.etraffic.ctatestcases.NewTLFullCycleExcel" tests="1" failures="0" timestamp="28 Feb 2019 08:13:45 GMT" time="269.514" errors="0">
  <testcase name="NewNoc" time="269.514" classname="isoft.etraffic.ctatestcases.NewTLFullCycleExcel"/>
</testsuite> <!-- isoft.etraffic.ctatestcases.NewTLFullCycleExcel -->
