<?xml version="1.0" encoding="UTF-8"?>
<!-- Generated by org.testng.reporters.JUnitReportReporter -->
<testsuite skipped="0" hostname="ISOFT-LAP048" name="isoft.etraffic.vhl.sdditest.ClearanceCertificateSDDITest" tests="1" failures="0" timestamp="03 Mar 2019 08:01:28 GMT" time="214.582" errors="0">
  <testcase name="clearanceCertificateSDDITest" time="214.582" classname="isoft.etraffic.vhl.sdditest.ClearanceCertificateSDDITest"/>
</testsuite> <!-- isoft.etraffic.vhl.sdditest.ClearanceCertificateSDDITest -->
