<?xml version="1.0" encoding="UTF-8"?>
<!-- Generated by org.testng.reporters.JUnitReportReporter -->
<testsuite skipped="1" hostname="ISOFT-LAP048" name="isoft.etraffic.vhl.ftftest.ChangePlateNumberTest" tests="2" failures="0" timestamp="23 Apr 2019 05:46:01 GMT" time="0.916" errors="1">
  <testcase name="setup" time="0.916" classname="isoft.etraffic.vhl.ftftest.ChangePlateNumberTest">
    <error type="java.sql.SQLSyntaxErrorException" message="ORA-00942: table or view does not exist
">
      <![CDATA[java.sql.SQLSyntaxErrorException: ORA-00942: table or view does not exist

at oracle.jdbc.driver.T4CTTIoer.processError(T4CTTIoer.java:450)
at oracle.jdbc.driver.T4CTTIoer.processError(T4CTTIoer.java:399)
at oracle.jdbc.driver.T4C8Oall.processError(T4C8Oall.java:1017)
at oracle.jdbc.driver.T4CTTIfun.receive(T4CTTIfun.java:655)
at oracle.jdbc.driver.T4CTTIfun.doRPC(T4CTTIfun.java:249)
at oracle.jdbc.driver.T4C8Oall.doOALL(T4C8Oall.java:566)
at oracle.jdbc.driver.T4CStatement.doOall8(T4CStatement.java:202)
at oracle.jdbc.driver.T4CStatement.doOall8(T4CStatement.java:45)
at oracle.jdbc.driver.T4CStatement.executeForDescribe(T4CStatement.java:766)
at oracle.jdbc.driver.OracleStatement.executeMaybeDescribe(OracleStatement.java:897)
at oracle.jdbc.driver.OracleStatement.doExecuteWithTimeout(OracleStatement.java:1034)
at oracle.jdbc.driver.OracleStatement.executeQuery(OracleStatement.java:1244)
at oracle.jdbc.driver.OracleStatementWrapper.executeQuery(OracleStatementWrapper.java:420)
at isoft.etraffic.db.DBQueries.getVehicleOfTRFHasPreservedPlate(DBQueries.java:716)
at isoft.etraffic.vhl.ftftest.ChangePlateNumberTest.setup(ChangePlateNumberTest.java:63)
at sun.reflect.NativeMethodAccessorImpl.invoke0(Native Method)
at sun.reflect.NativeMethodAccessorImpl.invoke(Unknown Source)
at sun.reflect.DelegatingMethodAccessorImpl.invoke(Unknown Source)
at java.lang.reflect.Method.invoke(Unknown Source)
at org.testng.internal.MethodInvocationHelper.invokeMethod(MethodInvocationHelper.java:124)
at org.testng.internal.MethodInvocationHelper.invokeMethodConsideringTimeout(MethodInvocationHelper.java:59)
at org.testng.internal.Invoker.invokeConfigurationMethod(Invoker.java:458)
at org.testng.internal.Invoker.invokeConfigurations(Invoker.java:222)
at org.testng.internal.Invoker.invokeMethod(Invoker.java:523)
at org.testng.internal.Invoker.invokeTestMethod(Invoker.java:719)
at org.testng.internal.Invoker.invokeTestMethods(Invoker.java:989)
at org.testng.internal.TestMethodWorker.invokeTestMethods(TestMethodWorker.java:125)
at org.testng.internal.TestMethodWorker.run(TestMethodWorker.java:109)
at org.testng.TestRunner.privateRun(TestRunner.java:648)
at org.testng.TestRunner.run(TestRunner.java:505)
at org.testng.SuiteRunner.runTest(SuiteRunner.java:455)
at org.testng.SuiteRunner.runSequentially(SuiteRunner.java:450)
at org.testng.SuiteRunner.privateRun(SuiteRunner.java:415)
at org.testng.SuiteRunner.run(SuiteRunner.java:364)
at org.testng.SuiteRunnerWorker.runSuite(SuiteRunnerWorker.java:52)
at org.testng.SuiteRunnerWorker.run(SuiteRunnerWorker.java:84)
at org.testng.TestNG.runSuitesSequentially(TestNG.java:1208)
at org.testng.TestNG.runSuitesLocally(TestNG.java:1137)
at org.testng.TestNG.runSuites(TestNG.java:1049)
at org.testng.TestNG.run(TestNG.java:1017)
at isoft.etraffic.testrunner.ThreadRun.run(ThreadRun.java:43)
]]>
    </error>
  </testcase> <!-- setup -->
  <testcase name="changePlateNumber" time="0.000" classname="isoft.etraffic.vhl.ftftest.ChangePlateNumberTest">
    <skipped/>
  </testcase> <!-- changePlateNumber -->
</testsuite> <!-- isoft.etraffic.vhl.ftftest.ChangePlateNumberTest -->
