<?xml version="1.0" encoding="UTF-8"?>
<!-- Generated by org.testng.reporters.JUnitReportReporter -->
<testsuite skipped="0" hostname="ISOFT-LAP048" name="isoft.etraffic.ctatestcases.NewTLFullCycleExcel" tests="1" failures="0" timestamp="28 Feb 2019 09:54:08 GMT" time="352.724" errors="0">
  <testcase name="NewNoc" time="352.724" classname="isoft.etraffic.ctatestcases.NewTLFullCycleExcel"/>
</testsuite> <!-- isoft.etraffic.ctatestcases.NewTLFullCycleExcel -->
