<?xml version="1.0" encoding="UTF-8"?>
<!-- Generated by org.testng.reporters.JUnitReportReporter -->
<testsuite skipped="0" hostname="ISOFT-LAP048" name="isoft.etraffic.ctatestcases.ReprintDocumentCases" tests="1" failures="0" timestamp="28 Feb 2019 12:43:36 GMT" time="154.690" errors="0">
  <testcase name="reprintDocument" time="154.690" classname="isoft.etraffic.ctatestcases.ReprintDocumentCases"/>
</testsuite> <!-- isoft.etraffic.ctatestcases.ReprintDocumentCases -->
