<?xml version="1.0" encoding="UTF-8"?>
<!-- Generated by org.testng.reporters.JUnitReportReporter -->
<testsuite skipped="0" hostname="ISOFT-LAP048" name="isoft.etraffic.vhl.sdditest.ClearanceCertificateSDDITest" tests="1" failures="0" timestamp="27 Feb 2019 12:21:37 GMT" time="78.874" errors="0">
  <testcase name="clearanceCertificateSDDITest" time="78.874" classname="isoft.etraffic.vhl.sdditest.ClearanceCertificateSDDITest"/>
</testsuite> <!-- isoft.etraffic.vhl.sdditest.ClearanceCertificateSDDITest -->
