<?xml version="1.0" encoding="UTF-8"?>
<!-- Generated by org.testng.reporters.JUnitReportReporter -->
<testsuite skipped="0" hostname="ISOFT-LAP048" name="isoft.etraffic.vhl.ftftest.ClearanceCertificateTest" tests="1" failures="0" timestamp="21 Apr 2019 10:59:45 GMT" time="126.211" errors="0">
  <testcase name="vehicleClearanceCert" time="126.211" classname="isoft.etraffic.vhl.ftftest.ClearanceCertificateTest"/>
</testsuite> <!-- isoft.etraffic.vhl.ftftest.ClearanceCertificateTest -->
